<?xml version="1.0" encoding="utf-8"?><testsuites name="pytest tests"><testsuite name="pytest" errors="0" failures="0" skipped="0" tests="26" time="9.852" timestamp="2026-04-15T14:01:56.048951+00:00" hostname="agent-env-591d261d-e4fc-4172-9c89-11956a207d72"><testcase classname="tests.test_auth_multitenant.TestAuthEndpoints" name="test_login_success" time="0.494" /><testcase classname="tests.test_auth_multitenant.TestAuthEndpoints" name="test_login_invalid_credentials" time="0.127" /><testcase classname="tests.test_auth_multitenant.TestAuthEndpoints" name="test_login_missing_fields" time="0.135" /><testcase classname="tests.test_auth_multitenant.TestAuthEndpoints" name="test_auth_me_authenticated" time="0.450" /><testcase classname="tests.test_auth_multitenant.TestAuthEndpoints" name="test_auth_me_unauthenticated" time="0.218" /><testcase classname="tests.test_auth_multitenant.TestAuthEndpoints" name="test_logout" time="0.726" /><testcase classname="tests.test_auth_multitenant.TestProtectedEndpoints" name="test_ofertas_unauthenticated" time="0.176" /><testcase classname="tests.test_auth_multitenant.TestProtectedEndpoints" name="test_vehiculos_unauthenticated" time="0.154" /><testcase classname="tests.test_auth_multitenant.TestProtectedEndpoints" name="test_remolques_unauthenticated" time="0.121" /><testcase classname="tests.test_auth_multitenant.TestProtectedEndpoints" name="test_stats_unauthenticated" time="0.121" /><testcase classname="tests.test_auth_multitenant.TestProtectedEndpoints" name="test_direcciones_favoritas_unauthenticated" time="0.106" /><testcase classname="tests.test_auth_multitenant.TestAuthenticatedAccess" name="test_ofertas_authenticated" time="0.458" /><testcase classname="tests.test_auth_multitenant.TestAuthenticatedAccess" name="test_vehiculos_authenticated" time="0.457" /><testcase classname="tests.test_auth_multitenant.TestAuthenticatedAccess" name="test_remolques_authenticated" time="0.447" /><testcase classname="tests.test_auth_multitenant.TestAuthenticatedAccess" name="test_stats_authenticated" time="0.402" /><testcase classname="tests.test_auth_multitenant.TestAuthenticatedAccess" name="test_direcciones_favoritas_authenticated" time="0.415" /><testcase classname="tests.test_auth_multitenant.TestRoleBasedAccess" name="test_admin_can_create_oferta" time="0.565" /><testcase classname="tests.test_auth_multitenant.TestRoleBasedAccess" name="test_admin_can_create_vehiculo" time="0.489" /><testcase classname="tests.test_auth_multitenant.TestRoleBasedAccess" name="test_admin_can_create_remolque" time="0.438" /><testcase classname="tests.test_auth_multitenant.TestTenantIsolation" name="test_ofertas_filtered_by_tenant" time="0.536" /><testcase classname="tests.test_auth_multitenant.TestTenantIsolation" name="test_vehiculos_filtered_by_tenant" time="0.489" /><testcase classname="tests.test_auth_multitenant.TestTenantIsolation" name="test_remolques_filtered_by_tenant" time="0.506" /><testcase classname="tests.test_auth_multitenant.TestTokenRefresh" name="test_refresh_token_works" time="1.131" /><testcase classname="tests.test_auth_multitenant.TestTokenRefresh" name="test_refresh_without_token_fails" time="0.115" /><testcase classname="tests.test_auth_multitenant.TestPublicEndpoints" name="test_root_endpoint" time="0.128" /><testcase classname="tests.test_auth_multitenant.TestPublicEndpoints" name="test_ofertas_borrador_public" time="0.286" /></testsuite></testsuites>