<?xml version="1.0" encoding="utf-8"?><testsuites name="pytest tests"><testsuite name="pytest" errors="0" failures="0" skipped="0" tests="14" time="4.061" timestamp="2026-04-14T23:12:59.886523+00:00" hostname="agent-env-591d261d-e4fc-4172-9c89-11956a207d72"><testcase classname="backend.tests.test_flota.TestFlotaAPI" name="test_get_vehiculos" time="0.233" /><testcase classname="backend.tests.test_flota.TestFlotaAPI" name="test_create_vehiculo_success" time="0.226" /><testcase classname="backend.tests.test_flota.TestFlotaAPI" name="test_create_vehiculo_duplicate_placa" time="0.227" /><testcase classname="backend.tests.test_flota.TestFlotaAPI" name="test_update_vehiculo" time="0.276" /><testcase classname="backend.tests.test_flota.TestFlotaAPI" name="test_delete_vehiculo" time="0.223" /><testcase classname="backend.tests.test_flota.TestFlotaAPI" name="test_search_vehiculos" time="0.110" /><testcase classname="backend.tests.test_flota.TestFlotaAPI" name="test_get_remolques" time="0.109" /><testcase classname="backend.tests.test_flota.TestFlotaAPI" name="test_create_remolque_success" time="0.254" /><testcase classname="backend.tests.test_flota.TestFlotaAPI" name="test_create_remolque_duplicate_placa" time="0.217" /><testcase classname="backend.tests.test_flota.TestFlotaAPI" name="test_update_remolque" time="0.287" /><testcase classname="backend.tests.test_flota.TestFlotaAPI" name="test_delete_remolque" time="0.316" /><testcase classname="backend.tests.test_flota.TestFlotaAPI" name="test_vincular_remolque_to_tractocamion" time="0.453" /><testcase classname="backend.tests.test_flota.TestFlotaAPI" name="test_vincular_remolque_to_non_tractocamion_fails" time="0.423" /><testcase classname="backend.tests.test_flota.TestFlotaAPI" name="test_desvincular_remolque" time="0.524" /></testsuite></testsuites>